0 info it worked if it ends with ok
1 verbose cli [ 'node', '/usr/local/bin/npm', 'install', '-g', 'serve' ]
2 info using npm@1.4.3
3 info using node@v0.10.26
4 verbose cache add [ 'serve', null ]
5 verbose cache add name=undefined spec="serve" args=["serve",null]
6 verbose parsed url { protocol: null,
6 verbose parsed url   slashes: null,
6 verbose parsed url   auth: null,
6 verbose parsed url   host: null,
6 verbose parsed url   port: null,
6 verbose parsed url   hostname: null,
6 verbose parsed url   hash: null,
6 verbose parsed url   search: null,
6 verbose parsed url   query: null,
6 verbose parsed url   pathname: 'serve',
6 verbose parsed url   path: 'serve',
6 verbose parsed url   href: 'serve' }
7 silly lockFile b88fb872-serve serve
8 verbose lock serve /Users/Mitch/.npm/b88fb872-serve.lock
9 silly lockFile b88fb872-serve serve
10 silly lockFile b88fb872-serve serve
11 verbose addNamed [ 'serve', '' ]
12 verbose addNamed [ null, '*' ]
13 silly lockFile f5f9b276-serve serve@
14 verbose lock serve@ /Users/Mitch/.npm/f5f9b276-serve.lock
15 silly addNameRange { name: 'serve', range: '*', hasData: false }
16 verbose url raw serve
17 verbose url resolving [ 'https://registry.npmjs.org/', './serve' ]
18 verbose url resolved https://registry.npmjs.org/serve
19 info trying registry request attempt 1 at 09:41:38
20 http GET https://registry.npmjs.org/serve
21 http 200 https://registry.npmjs.org/serve
22 silly registry.get cb [ 200,
22 silly registry.get   { date: 'Wed, 26 Mar 2014 16:41:38 GMT',
22 silly registry.get     server: 'CouchDB/1.6.0+build.fauxton-91-g5a2864b (Erlang OTP/R14B04)',
22 silly registry.get     etag: '"CPS7HE8K7BDWJU59O3LAWYRCT"',
22 silly registry.get     'content-type': 'application/json',
22 silly registry.get     via: '1.1 varnish',
22 silly registry.get     'cache-control': 'max-age=1',
22 silly registry.get     'content-length': '14680',
22 silly registry.get     'accept-ranges': 'bytes',
22 silly registry.get     age: '6216',
22 silly registry.get     'x-served-by': 'cache-v37-ASH, cache-lax1423-LAX',
22 silly registry.get     'x-cache': 'MISS, MISS',
22 silly registry.get     'x-cache-hits': '0, 0',
22 silly registry.get     'x-timer': 'S1395845882.312821150,VS0,VS566,VE759,VE6216635',
22 silly registry.get     vary: 'Accept',
22 silly registry.get     'keep-alive': 'timeout=10, max=50',
22 silly registry.get     connection: 'Keep-Alive' } ]
23 silly addNameRange number 2 { name: 'serve', range: '*', hasData: true }
24 silly addNameRange versions [ 'serve',
24 silly addNameRange   [ '0.0.1',
24 silly addNameRange     '0.0.2',
24 silly addNameRange     '0.0.3',
24 silly addNameRange     '0.0.4',
24 silly addNameRange     '0.0.5',
24 silly addNameRange     '1.0.0',
24 silly addNameRange     '1.0.1',
24 silly addNameRange     '1.0.2',
24 silly addNameRange     '1.0.3',
24 silly addNameRange     '1.1.0',
24 silly addNameRange     '1.2.0',
24 silly addNameRange     '1.3.0',
24 silly addNameRange     '1.4.0' ] ]
25 verbose addNamed [ 'serve', '1.4.0' ]
26 verbose addNamed [ '1.4.0', '1.4.0' ]
27 silly lockFile 41214fd0-serve-1-4-0 serve@1.4.0
28 verbose lock serve@1.4.0 /Users/Mitch/.npm/41214fd0-serve-1-4-0.lock
29 silly lockFile d8ec0c06--npmjs-org-serve-serve-1-4-0-tgz https://registry.npmjs.org/serve/-/serve-1.4.0.tgz
30 verbose lock https://registry.npmjs.org/serve/-/serve-1.4.0.tgz /Users/Mitch/.npm/d8ec0c06--npmjs-org-serve-serve-1-4-0-tgz.lock
31 verbose addRemoteTarball [ 'https://registry.npmjs.org/serve/-/serve-1.4.0.tgz',
31 verbose addRemoteTarball   'e35f3ce6b42586b7f3ded7b5b0a31a01bb0e1005' ]
32 info retry fetch attempt 1 at 09:41:38
33 verbose fetch to= /var/folders/0x/bs2n_mr55215g5xygzmshvlm0000gn/T/npm-12818-lHNLHmwj/1395852098913-0.7201570707838982/tmp.tgz
34 http GET https://registry.npmjs.org/serve/-/serve-1.4.0.tgz
35 http 200 https://registry.npmjs.org/serve/-/serve-1.4.0.tgz
36 verbose tar unpack /var/folders/0x/bs2n_mr55215g5xygzmshvlm0000gn/T/npm-12818-lHNLHmwj/1395852098913-0.7201570707838982/tmp.tgz
37 silly lockFile 41ae16de-98913-0-7201570707838982-package tar:///var/folders/0x/bs2n_mr55215g5xygzmshvlm0000gn/T/npm-12818-lHNLHmwj/1395852098913-0.7201570707838982/package
38 verbose lock tar:///var/folders/0x/bs2n_mr55215g5xygzmshvlm0000gn/T/npm-12818-lHNLHmwj/1395852098913-0.7201570707838982/package /Users/Mitch/.npm/41ae16de-98913-0-7201570707838982-package.lock
39 silly lockFile 7e7823b6-98913-0-7201570707838982-tmp-tgz tar:///var/folders/0x/bs2n_mr55215g5xygzmshvlm0000gn/T/npm-12818-lHNLHmwj/1395852098913-0.7201570707838982/tmp.tgz
40 verbose lock tar:///var/folders/0x/bs2n_mr55215g5xygzmshvlm0000gn/T/npm-12818-lHNLHmwj/1395852098913-0.7201570707838982/tmp.tgz /Users/Mitch/.npm/7e7823b6-98913-0-7201570707838982-tmp-tgz.lock
41 silly gunzTarPerm modes [ '755', '644' ]
42 silly gunzTarPerm extractEntry package.json
43 silly gunzTarPerm extractEntry .npmignore
44 silly gunzTarPerm extractEntry History.md
45 silly gunzTarPerm extractEntry Readme.md
46 silly gunzTarPerm extractEntry bin/serve
47 silly lockFile 41ae16de-98913-0-7201570707838982-package tar:///var/folders/0x/bs2n_mr55215g5xygzmshvlm0000gn/T/npm-12818-lHNLHmwj/1395852098913-0.7201570707838982/package
48 silly lockFile 41ae16de-98913-0-7201570707838982-package tar:///var/folders/0x/bs2n_mr55215g5xygzmshvlm0000gn/T/npm-12818-lHNLHmwj/1395852098913-0.7201570707838982/package
49 silly lockFile 7e7823b6-98913-0-7201570707838982-tmp-tgz tar:///var/folders/0x/bs2n_mr55215g5xygzmshvlm0000gn/T/npm-12818-lHNLHmwj/1395852098913-0.7201570707838982/tmp.tgz
50 silly lockFile 7e7823b6-98913-0-7201570707838982-tmp-tgz tar:///var/folders/0x/bs2n_mr55215g5xygzmshvlm0000gn/T/npm-12818-lHNLHmwj/1395852098913-0.7201570707838982/tmp.tgz
51 verbose tar pack [ '/Users/Mitch/.npm/serve/1.4.0/package.tgz',
51 verbose tar pack   '/var/folders/0x/bs2n_mr55215g5xygzmshvlm0000gn/T/npm-12818-lHNLHmwj/1395852098913-0.7201570707838982/package' ]
52 verbose tarball /Users/Mitch/.npm/serve/1.4.0/package.tgz
53 verbose folder /var/folders/0x/bs2n_mr55215g5xygzmshvlm0000gn/T/npm-12818-lHNLHmwj/1395852098913-0.7201570707838982/package
54 silly lockFile 41ae16de-98913-0-7201570707838982-package tar:///var/folders/0x/bs2n_mr55215g5xygzmshvlm0000gn/T/npm-12818-lHNLHmwj/1395852098913-0.7201570707838982/package
55 verbose lock tar:///var/folders/0x/bs2n_mr55215g5xygzmshvlm0000gn/T/npm-12818-lHNLHmwj/1395852098913-0.7201570707838982/package /Users/Mitch/.npm/41ae16de-98913-0-7201570707838982-package.lock
56 silly lockFile 655870d6-itch-npm-serve-1-4-0-package-tgz tar:///Users/Mitch/.npm/serve/1.4.0/package.tgz
57 verbose lock tar:///Users/Mitch/.npm/serve/1.4.0/package.tgz /Users/Mitch/.npm/655870d6-itch-npm-serve-1-4-0-package-tgz.lock
58 silly lockFile 41ae16de-98913-0-7201570707838982-package tar:///var/folders/0x/bs2n_mr55215g5xygzmshvlm0000gn/T/npm-12818-lHNLHmwj/1395852098913-0.7201570707838982/package
59 silly lockFile 41ae16de-98913-0-7201570707838982-package tar:///var/folders/0x/bs2n_mr55215g5xygzmshvlm0000gn/T/npm-12818-lHNLHmwj/1395852098913-0.7201570707838982/package
60 silly lockFile 655870d6-itch-npm-serve-1-4-0-package-tgz tar:///Users/Mitch/.npm/serve/1.4.0/package.tgz
61 silly lockFile 655870d6-itch-npm-serve-1-4-0-package-tgz tar:///Users/Mitch/.npm/serve/1.4.0/package.tgz
62 silly lockFile 65c07778-rs-Mitch-npm-serve-1-4-0-package /Users/Mitch/.npm/serve/1.4.0/package
63 verbose lock /Users/Mitch/.npm/serve/1.4.0/package /Users/Mitch/.npm/65c07778-rs-Mitch-npm-serve-1-4-0-package.lock
64 silly lockFile 65c07778-rs-Mitch-npm-serve-1-4-0-package /Users/Mitch/.npm/serve/1.4.0/package
65 silly lockFile 65c07778-rs-Mitch-npm-serve-1-4-0-package /Users/Mitch/.npm/serve/1.4.0/package
66 verbose tar unpack /Users/Mitch/.npm/serve/1.4.0/package.tgz
67 silly lockFile 5d1c6839-rs-Mitch-npm-serve-1-4-0-package tar:///Users/Mitch/.npm/serve/1.4.0/package
68 verbose lock tar:///Users/Mitch/.npm/serve/1.4.0/package /Users/Mitch/.npm/5d1c6839-rs-Mitch-npm-serve-1-4-0-package.lock
69 silly lockFile 655870d6-itch-npm-serve-1-4-0-package-tgz tar:///Users/Mitch/.npm/serve/1.4.0/package.tgz
70 verbose lock tar:///Users/Mitch/.npm/serve/1.4.0/package.tgz /Users/Mitch/.npm/655870d6-itch-npm-serve-1-4-0-package-tgz.lock
71 silly gunzTarPerm modes [ '755', '644' ]
72 silly gunzTarPerm extractEntry package.json
73 silly gunzTarPerm extractEntry .npmignore
74 silly gunzTarPerm extractEntry History.md
75 silly gunzTarPerm extractEntry Readme.md
76 silly gunzTarPerm extractEntry bin/serve
77 silly lockFile 5d1c6839-rs-Mitch-npm-serve-1-4-0-package tar:///Users/Mitch/.npm/serve/1.4.0/package
78 silly lockFile 5d1c6839-rs-Mitch-npm-serve-1-4-0-package tar:///Users/Mitch/.npm/serve/1.4.0/package
79 silly lockFile 655870d6-itch-npm-serve-1-4-0-package-tgz tar:///Users/Mitch/.npm/serve/1.4.0/package.tgz
80 silly lockFile 655870d6-itch-npm-serve-1-4-0-package-tgz tar:///Users/Mitch/.npm/serve/1.4.0/package.tgz
81 verbose chmod /Users/Mitch/.npm/serve/1.4.0/package.tgz 644
82 verbose chown /Users/Mitch/.npm/serve/1.4.0/package.tgz [ 501, 20 ]
83 silly lockFile d8ec0c06--npmjs-org-serve-serve-1-4-0-tgz https://registry.npmjs.org/serve/-/serve-1.4.0.tgz
84 silly lockFile d8ec0c06--npmjs-org-serve-serve-1-4-0-tgz https://registry.npmjs.org/serve/-/serve-1.4.0.tgz
85 silly lockFile 41214fd0-serve-1-4-0 serve@1.4.0
86 silly lockFile 41214fd0-serve-1-4-0 serve@1.4.0
87 silly lockFile f5f9b276-serve serve@
88 silly lockFile f5f9b276-serve serve@
89 silly resolved [ { name: 'serve',
89 silly resolved     version: '1.4.0',
89 silly resolved     description: 'Simple command-line file / directory server built with connect',
89 silly resolved     keywords: [ 'static', 'server', 'connect' ],
89 silly resolved     author: { name: 'TJ Holowaychuk', email: 'tj@vision-media.ca' },
89 silly resolved     preferGlobal: true,
89 silly resolved     homepage: 'https://github.com/visionmedia/serve',
89 silly resolved     repository: { type: 'git', url: 'https://github.com/visionmedia/serve.git' },
89 silly resolved     dependencies:
89 silly resolved      { connect: '2.3.x',
89 silly resolved        stylus: '*',
89 silly resolved        jade: '*',
89 silly resolved        'less-middleware': '*',
89 silly resolved        commander: '0.6.1' },
89 silly resolved     bin: { serve: './bin/serve' },
89 silly resolved     readme: '\n# serve\n\n  Simple 5 minute command-line file / directory server built with connect, inspired by nodejitsu\'s [http-server](https://github.com/nodejitsu/http-server) to show off the simplicity and flexibility of connect as a modular server.\n\n## Installation\n\n    $ npm install -g serve\n\n## Usage\n\n```\n\nUsage: serve [options] [dir]\n\nOptions:\n\n  -v, --version        output the version number\n  -F, --format <fmt>   specify the log format string\n  -p, --port <port>    specify the port [3000]\n  -f, --favicon <path> serve the given favicon\n  -H, --hidden         enable hidden file serving\n  -C, --cors           allows cross origin access serving\n  -S, --no-stylus      disable stylus rendering\n  -J, --no-jade        disable jade rendering\n      --no-less        disable less css rendering\n  -I, --no-icons       disable icons\n  -L, --no-logs        disable request logging\n  -D, --no-dirs        disable directory serving\n      --compress       gzip or deflate the response\n      --exec <cmd>     execute command on each request\n  -h, --help           output usage information\n```\n\n## Examples\n\n HTTP Accept support built into `connect.directory()`:\n \n     $ curl http://local:3000/ -H "Accept: text/plain"\n     bin\n     History.md\n     node_modules\n     package.json\n     Readme.md\n\n  Requesting a file:\n\n    $ curl http://local:3000/Readme.md\n\n     # serve\n     ...\n\n  Requesting JSON for the directory listing:\n\n    $ curl http://local:3000/ -H "Accept: application/json"\n    ["bin","History.md","node_modules","package.json","Readme.md"]\n\n Directory listing served by connect\'s `connect.directory()` middleware.\n\n  ![directory listings](http://f.cl.ly/items/100M2C3o0p2u3A0q1o3H/Screenshot.png)\n\n## License \n\n(The MIT License)\n\nCopyright (c) 2011 TJ Holowaychuk &lt;tj@vision-media.ca&gt;\n\nPermission is hereby granted, free of charge, to any person obtaining\na copy of this software and associated documentation files (the\n\'Software\'), to deal in the Software without restriction, including\nwithout limitation the rights to use, copy, modify, merge, publish,\ndistribute, sublicense, and/or sell copies of the Software, and to\npermit persons to whom the Software is furnished to do so, subject to\nthe following conditions:\n\nThe above copyright notice and this permission notice shall be\nincluded in all copies or substantial portions of the Software.\n\nTHE SOFTWARE IS PROVIDED \'AS IS\', WITHOUT WARRANTY OF ANY KIND,\nEXPRESS OR IMPLIED, INCLUDING BUT NOT LIMITED TO THE WARRANTIES OF\nMERCHANTABILITY, FITNESS FOR A PARTICULAR PURPOSE AND NONINFRINGEMENT.\nIN NO EVENT SHALL THE AUTHORS OR COPYRIGHT HOLDERS BE LIABLE FOR ANY\nCLAIM, DAMAGES OR OTHER LIABILITY, WHETHER IN AN ACTION OF CONTRACT,\nTORT OR OTHERWISE, ARISING FROM, OUT OF OR IN CONNECTION WITH THE\nSOFTWARE OR THE USE OR OTHER DEALINGS IN THE SOFTWARE.\n',
89 silly resolved     readmeFilename: 'Readme.md',
89 silly resolved     bugs: { url: 'https://github.com/visionmedia/serve/issues' },
89 silly resolved     _id: 'serve@1.4.0',
89 silly resolved     dist: { shasum: 'e35f3ce6b42586b7f3ded7b5b0a31a01bb0e1005' },
89 silly resolved     _from: 'serve@',
89 silly resolved     _resolved: 'https://registry.npmjs.org/serve/-/serve-1.4.0.tgz' } ]
90 info install serve@1.4.0 into /usr/local/lib
91 info installOne serve@1.4.0
92 info /usr/local/lib/node_modules/serve unbuild
93 verbose tar unpack /Users/Mitch/.npm/serve/1.4.0/package.tgz
94 silly lockFile 11654a08-usr-local-lib-node-modules-serve tar:///usr/local/lib/node_modules/serve
95 verbose lock tar:///usr/local/lib/node_modules/serve /Users/Mitch/.npm/11654a08-usr-local-lib-node-modules-serve.lock
96 silly lockFile 655870d6-itch-npm-serve-1-4-0-package-tgz tar:///Users/Mitch/.npm/serve/1.4.0/package.tgz
97 verbose lock tar:///Users/Mitch/.npm/serve/1.4.0/package.tgz /Users/Mitch/.npm/655870d6-itch-npm-serve-1-4-0-package-tgz.lock
98 silly gunzTarPerm modes [ '755', '644' ]
99 error Error: EACCES, mkdir '/usr/local/lib/node_modules/serve'
99 error  { [Error: EACCES, mkdir '/usr/local/lib/node_modules/serve']
99 error   errno: 3,
99 error   code: 'EACCES',
99 error   path: '/usr/local/lib/node_modules/serve',
99 error   fstream_type: 'Directory',
99 error   fstream_path: '/usr/local/lib/node_modules/serve',
99 error   fstream_class: 'DirWriter',
99 error   fstream_stack:
99 error    [ '/usr/local/lib/node_modules/npm/node_modules/fstream/lib/dir-writer.js:36:23',
99 error      '/usr/local/lib/node_modules/npm/node_modules/mkdirp/index.js:37:53',
99 error      'Object.oncomplete (fs.js:107:15)' ] }
100 error Please try running this command again as root/Administrator.
101 error System Darwin 13.1.0
102 error command "node" "/usr/local/bin/npm" "install" "-g" "serve"
103 error cwd /Users/Mitch/Documents/onprem/onprem_redesign
104 error node -v v0.10.26
105 error npm -v 1.4.3
106 error path /usr/local/lib/node_modules/serve
107 error fstream_path /usr/local/lib/node_modules/serve
108 error fstream_type Directory
109 error fstream_class DirWriter
110 error code EACCES
111 error errno 3
112 error stack Error: EACCES, mkdir '/usr/local/lib/node_modules/serve'
113 error fstream_stack /usr/local/lib/node_modules/npm/node_modules/fstream/lib/dir-writer.js:36:23
113 error fstream_stack /usr/local/lib/node_modules/npm/node_modules/mkdirp/index.js:37:53
113 error fstream_stack Object.oncomplete (fs.js:107:15)
114 verbose exit [ 3, true ]
